2025-12-02T14:15:07.650+01:00  INFO 2568 --- [mapa] [main] [                                                 ] com.calabozo.mapa.MapaApplication        : Starting MapaApplication using Java 17.0.16 with PID 2568 (C:\DESSERV\SPRINGBOOT\calabozo\mapa\target\classes started by pmpin in C:\DESSERV)
2025-12-02T14:15:07.675+01:00  INFO 2568 --- [mapa] [main] [                                                 ] com.calabozo.mapa.MapaApplication        : No active profile set, falling back to 1 default profile: "default"
2025-12-02T14:15:09.358+01:00  INFO 2568 --- [mapa] [main] [                                                 ] .s.d.r.c.RepositoryConfigurationDelegate : Bootstrapping Spring Data JPA repositories in DEFAULT mode.
2025-12-02T14:15:09.518+01:00  INFO 2568 --- [mapa] [main] [                                                 ] .s.d.r.c.RepositoryConfigurationDelegate : Finished Spring Data repository scanning in 106 ms. Found 2 JPA repository interfaces.
2025-12-02T14:15:10.704+01:00  INFO 2568 --- [mapa] [main] [                                                 ] o.s.boot.tomcat.TomcatWebServer          : Tomcat initialized with port 8080 (http)
2025-12-02T14:15:10.746+01:00  INFO 2568 --- [mapa] [main] [                                                 ] o.apache.catalina.core.StandardService   : Starting service [Tomcat]
2025-12-02T14:15:10.746+01:00  INFO 2568 --- [mapa] [main] [                                                 ] o.apache.catalina.core.StandardEngine    : Starting Servlet engine: [Apache Tomcat/11.0.11]
2025-12-02T14:15:10.890+01:00  INFO 2568 --- [mapa] [main] [                                                 ] b.w.c.s.WebApplicationContextInitializer : Root WebApplicationContext: initialization completed in 3111 ms
2025-12-02T14:15:11.174+01:00 DEBUG 2568 --- [mapa] [main] [                                                 ] o.s.w.f.ServerHttpObservationFilter      : Filter 'webMvcObservationFilter' configured for use
2025-12-02T14:15:11.403+01:00  INFO 2568 --- [mapa] [main] [                                                 ] o.hibernate.jpa.internal.util.LogHelper  : HHH000204: Processing PersistenceUnitInfo [name: default]
2025-12-02T14:15:11.760+01:00  INFO 2568 --- [mapa] [main] [                                                 ] org.hibernate.Version                    : HHH000412: Hibernate ORM core version 7.1.1.Final
2025-12-02T14:15:12.701+01:00  INFO 2568 --- [mapa] [main] [                                                 ] o.s.o.j.p.SpringPersistenceUnitInfo      : No LoadTimeWeaver setup: ignoring JPA class transformer
2025-12-02T14:15:12.777+01:00  INFO 2568 --- [mapa] [main] [                                                 ] com.zaxxer.hikari.HikariDataSource       : HikariPool-1 - Starting...
2025-12-02T14:15:13.359+01:00  INFO 2568 --- [mapa] [main] [                                                 ] com.zaxxer.hikari.pool.HikariPool        : HikariPool-1 - Added connection com.mysql.cj.jdbc.ConnectionImpl@21046afa
2025-12-02T14:15:13.364+01:00  INFO 2568 --- [mapa] [main] [                                                 ] com.zaxxer.hikari.HikariDataSource       : HikariPool-1 - Start completed.
2025-12-02T14:15:13.476+01:00  WARN 2568 --- [mapa] [main] [                                                 ] org.hibernate.orm.deprecation            : HHH90000025: MySQLDialect does not need to be specified explicitly using 'hibernate.dialect' (remove the property setting and it will be selected by default)
2025-12-02T14:15:13.515+01:00  INFO 2568 --- [mapa] [main] [                                                 ] org.hibernate.orm.connections.pooling    : HHH10001005: Database info:
	Database JDBC URL [jdbc:mysql://localhost:3306/citydungeon]
	Database driver: MySQL Connector/J
	Database dialect: MySQLDialect
	Database version: 8.0.43
	Default catalog/schema: citydungeon/undefined
	Autocommit mode: undefined/unknown
	Isolation level: REPEATABLE_READ [default REPEATABLE_READ]
	JDBC fetch size: none
	Pool: DatasourceConnectionProviderImpl
	Minimum pool size: undefined/unknown
	Maximum pool size: undefined/unknown
2025-12-02T14:15:15.399+01:00  INFO 2568 --- [mapa] [main] [                                                 ] o.h.e.t.j.p.i.JtaPlatformInitiator       : HHH000489: No JTA platform available (set 'hibernate.transaction.jta.platform' to enable JTA platform integration)
2025-12-02T14:15:15.565+01:00  INFO 2568 --- [mapa] [main] [                                                 ] j.LocalContainerEntityManagerFactoryBean : Initialized JPA EntityManagerFactory for persistence unit 'default'
2025-12-02T14:15:15.733+01:00  INFO 2568 --- [mapa] [main] [                                                 ] o.s.d.j.r.query.QueryEnhancerFactories   : Hibernate is in classpath; If applicable, HQL parser will be used.
2025-12-02T14:15:16.422+01:00 DEBUG 2568 --- [mapa] [main] [                                                 ] o.s.web.client.RestTemplate              : HTTP GET https://accounts.google.com/.well-known/openid-configuration
2025-12-02T14:15:16.429+01:00 DEBUG 2568 --- [mapa] [main] [                                                 ] o.s.web.client.RestTemplate              : Accept=[application/json, application/*+json]
2025-12-02T14:15:17.853+01:00 DEBUG 2568 --- [mapa] [main] [                                                 ] o.s.web.client.RestTemplate              : Response 200 OK
2025-12-02T14:15:17.855+01:00 DEBUG 2568 --- [mapa] [main] [                                                 ] o.s.web.client.RestTemplate              : Reading to [java.util.Map<java.lang.String, java.lang.Object>]
2025-12-02T14:15:18.083+01:00  WARN 2568 --- [mapa] [main] [                                                 ] JpaBaseConfiguration$JpaWebConfiguration : spring.jpa.open-in-view is enabled by default. Therefore, database queries may be performed during view rendering. Explicitly configure spring.jpa.open-in-view to disable this warning
2025-12-02T14:15:18.212+01:00 DEBUG 2568 --- [mapa] [main] [                                                 ] swordEncoderAuthenticationManagerBuilder : No authenticationProviders and no parentAuthenticationManager defined. Returning null.
2025-12-02T14:15:18.516+01:00 DEBUG 2568 --- [mapa] [main] [                                                 ] o.s.s.web.DefaultSecurityFilterChain     : Will secure any request with filters: DisableEncodeUrlFilter, WebAsyncManagerIntegrationFilter, SecurityContextHolderFilter, HeaderWriterFilter, CsrfFilter, LogoutFilter, OAuth2AuthorizationRequestRedirectFilter, OAuth2LoginAuthenticationFilter, RequestCacheAwareFilter, SecurityContextHolderAwareRequestFilter, AnonymousAuthenticationFilter, ExceptionTranslationFilter, AuthorizationFilter
2025-12-02T14:15:18.703+01:00 DEBUG 2568 --- [mapa] [main] [                                                 ] s.w.s.m.m.a.RequestMappingHandlerMapping : 24 mappings in 'requestMappingHandlerMapping'
2025-12-02T14:15:18.752+01:00 DEBUG 2568 --- [mapa] [main] [                                                 ] o.s.w.s.handler.SimpleUrlHandlerMapping  : Patterns [/webjars/**, /**] in 'resourceHandlerMapping'
2025-12-02T14:15:18.806+01:00 DEBUG 2568 --- [mapa] [main] [                                                 ] s.w.s.m.m.a.RequestMappingHandlerAdapter : ControllerAdvice beans: 0 @ModelAttribute, 0 @InitBinder, 1 RequestBodyAdvice, 1 ResponseBodyAdvice
2025-12-02T14:15:18.944+01:00 DEBUG 2568 --- [mapa] [main] [                                                 ] .m.m.a.ExceptionHandlerExceptionResolver : ControllerAdvice beans: 0 @ExceptionHandler, 1 ResponseBodyAdvice
2025-12-02T14:15:19.390+01:00  INFO 2568 --- [mapa] [main] [                                                 ] o.s.b.a.e.web.EndpointLinksResolver      : Exposing 1 endpoint beneath base path '/actuator'
2025-12-02T14:15:19.527+01:00  INFO 2568 --- [mapa] [main] [                                                 ] o.s.boot.tomcat.TomcatWebServer          : Tomcat started on port 8080 (http) with context path '/'
2025-12-02T14:15:19.549+01:00  INFO 2568 --- [mapa] [main] [                                                 ] com.calabozo.mapa.MapaApplication        : Started MapaApplication in 12.821 seconds (process running for 14.179)
2025-12-02T14:15:21.387+01:00  INFO 2568 --- [mapa] [RMI TCP Connection(2)-127.0.0.1] [                                                 ] o.a.c.c.C.[Tomcat].[localhost].[/]       : Initializing Spring DispatcherServlet 'dispatcherServlet'
2025-12-02T14:15:21.389+01:00  INFO 2568 --- [mapa] [RMI TCP Connection(2)-127.0.0.1] [                                                 ] o.s.web.servlet.DispatcherServlet        : Initializing Servlet 'dispatcherServlet'
2025-12-02T14:15:21.389+01:00 DEBUG 2568 --- [mapa] [RMI TCP Connection(2)-127.0.0.1] [                                                 ] o.s.web.servlet.DispatcherServlet        : Detected StandardServletMultipartResolver
2025-12-02T14:15:21.389+01:00 DEBUG 2568 --- [mapa] [RMI TCP Connection(2)-127.0.0.1] [                                                 ] o.s.web.servlet.DispatcherServlet        : Detected AcceptHeaderLocaleResolver
2025-12-02T14:15:21.391+01:00 DEBUG 2568 --- [mapa] [RMI TCP Connection(2)-127.0.0.1] [                                                 ] o.s.web.servlet.DispatcherServlet        : Detected org.springframework.web.servlet.view.DefaultRequestToViewNameTranslator@ced7e4a
2025-12-02T14:15:21.393+01:00 DEBUG 2568 --- [mapa] [RMI TCP Connection(2)-127.0.0.1] [                                                 ] o.s.web.servlet.DispatcherServlet        : Detected org.springframework.web.servlet.support.SessionFlashMapManager@240fe338
2025-12-02T14:15:21.394+01:00 DEBUG 2568 --- [mapa] [RMI TCP Connection(2)-127.0.0.1] [                                                 ] o.s.web.servlet.DispatcherServlet        : enableLoggingRequestDetails='false': request parameters and headers will be masked to prevent unsafe logging of potentially sensitive data
2025-12-02T14:15:21.394+01:00  INFO 2568 --- [mapa] [RMI TCP Connection(2)-127.0.0.1] [                                                 ] o.s.web.servlet.DispatcherServlet        : Completed initialization in 5 ms
2025-12-02T14:15:28.383+01:00 DEBUG 2568 --- [mapa] [http-nio-8080-exec-1] [                                                 ] o.s.security.web.FilterChainProxy        : Securing GET /ciudades
2025-12-02T14:15:28.410+01:00 TRACE 2568 --- [mapa] [http-nio-8080-exec-1] [                                                 ] .s.o.c.w.OAuth2LoginAuthenticationFilter : Did not match request to PathPattern [/login/oauth2/code/*]
2025-12-02T14:15:28.423+01:00 DEBUG 2568 --- [mapa] [http-nio-8080-exec-1] [                                                 ] o.s.security.web.FilterChainProxy        : Secured GET /ciudades
2025-12-02T14:15:28.431+01:00 DEBUG 2568 --- [mapa] [http-nio-8080-exec-1] [                                                 ] o.s.web.servlet.DispatcherServlet        : GET "/ciudades", parameters={}
2025-12-02T14:15:28.440+01:00 DEBUG 2568 --- [mapa] [http-nio-8080-exec-1] [                                                 ] s.w.s.m.m.a.RequestMappingHandlerMapping : Mapped to com.calabozo.mapa.controller.cityController#listCities(Model)
2025-12-02T14:15:28.944+01:00 DEBUG 2568 --- [mapa] [http-nio-8080-exec-1] [                                                 ] o.s.w.s.v.ContentNegotiatingViewResolver : Selected 'text/html' given [text/html, application/xhtml+xml, image/avif, image/webp, image/apng, application/xml;q=0.9, */*;q=0.8]
2025-12-02T14:15:29.700+01:00 DEBUG 2568 --- [mapa] [http-nio-8080-exec-1] [                                                 ] o.s.web.servlet.DispatcherServlet        : Completed 200 OK
2025-12-02T14:15:29.702+01:00 DEBUG 2568 --- [mapa] [http-nio-8080-exec-1] [                                                 ] o.s.s.w.a.AnonymousAuthenticationFilter  : Set SecurityContextHolder to anonymous SecurityContext
2025-12-02T14:15:29.820+01:00 DEBUG 2568 --- [mapa] [http-nio-8080-exec-2] [                                                 ] o.s.security.web.FilterChainProxy        : Securing GET /favicon.ico
2025-12-02T14:15:29.821+01:00 TRACE 2568 --- [mapa] [http-nio-8080-exec-2] [                                                 ] .s.o.c.w.OAuth2LoginAuthenticationFilter : Did not match request to PathPattern [/login/oauth2/code/*]
2025-12-02T14:15:29.822+01:00 DEBUG 2568 --- [mapa] [http-nio-8080-exec-2] [                                                 ] o.s.s.w.a.AnonymousAuthenticationFilter  : Set SecurityContextHolder to anonymous SecurityContext
2025-12-02T14:15:29.831+01:00 DEBUG 2568 --- [mapa] [http-nio-8080-exec-2] [                                                 ] o.s.s.web.DefaultRedirectStrategy        : Redirecting to http://localhost:8080/login
2025-12-02T14:15:29.843+01:00 DEBUG 2568 --- [mapa] [http-nio-8080-exec-3] [                                                 ] o.s.security.web.FilterChainProxy        : Securing GET /login
2025-12-02T14:15:29.844+01:00 TRACE 2568 --- [mapa] [http-nio-8080-exec-3] [                                                 ] .s.o.c.w.OAuth2LoginAuthenticationFilter : Did not match request to PathPattern [/login/oauth2/code/*]
2025-12-02T14:15:29.847+01:00 DEBUG 2568 --- [mapa] [http-nio-8080-exec-3] [                                                 ] o.s.security.web.FilterChainProxy        : Secured GET /login
2025-12-02T14:15:29.847+01:00 DEBUG 2568 --- [mapa] [http-nio-8080-exec-3] [                                                 ] o.s.web.servlet.DispatcherServlet        : GET "/login", parameters={}
2025-12-02T14:15:29.849+01:00 DEBUG 2568 --- [mapa] [http-nio-8080-exec-3] [                                                 ] s.w.s.m.m.a.RequestMappingHandlerMapping : Mapped to com.calabozo.mapa.controller.MainController#login()
2025-12-02T14:15:29.849+01:00  INFO 2568 --- [mapa] [http-nio-8080-exec-3] [                                                 ] c.c.mapa.controller.MainController       : Intentando logearnos
2025-12-02T14:15:29.855+01:00 DEBUG 2568 --- [mapa] [http-nio-8080-exec-3] [                                                 ] o.s.w.s.v.ContentNegotiatingViewResolver : Selected '*/*' given [image/avif, image/webp, image/apng, image/svg+xml, image/*, */*;q=0.8]
2025-12-02T14:15:29.865+01:00 DEBUG 2568 --- [mapa] [http-nio-8080-exec-3] [                                                 ] o.s.web.servlet.DispatcherServlet        : Completed 200 OK
2025-12-02T14:15:29.865+01:00 DEBUG 2568 --- [mapa] [http-nio-8080-exec-3] [                                                 ] o.s.s.w.a.AnonymousAuthenticationFilter  : Set SecurityContextHolder to anonymous SecurityContext
2025-12-03T14:55:12.284+01:00  INFO 7868 --- [mapa] [main] [                                                 ] com.calabozo.mapa.MapaApplication        : Starting MapaApplication using Java 17.0.16 with PID 7868 (D:\ServidorExamen\Desarrollo-Entorno-Servidor-2526\SPRINGBOOT\calabozo\mapa\target\classes started by daw in D:\ServidorExamen\Desarrollo-Entorno-Servidor-2526)
2025-12-03T14:55:12.290+01:00  INFO 7868 --- [mapa] [main] [                                                 ] com.calabozo.mapa.MapaApplication        : No active profile set, falling back to 1 default profile: "default"
2025-12-03T14:55:13.339+01:00  INFO 7868 --- [mapa] [main] [                                                 ] .s.d.r.c.RepositoryConfigurationDelegate : Bootstrapping Spring Data JPA repositories in DEFAULT mode.
2025-12-03T14:55:13.430+01:00  INFO 7868 --- [mapa] [main] [                                                 ] .s.d.r.c.RepositoryConfigurationDelegate : Finished Spring Data repository scanning in 75 ms. Found 2 JPA repository interfaces.
2025-12-03T14:55:14.136+01:00  INFO 7868 --- [mapa] [main] [                                                 ] o.s.boot.tomcat.TomcatWebServer          : Tomcat initialized with port 8080 (http)
2025-12-03T14:55:14.152+01:00  INFO 7868 --- [mapa] [main] [                                                 ] o.apache.catalina.core.StandardService   : Starting service [Tomcat]
2025-12-03T14:55:14.152+01:00  INFO 7868 --- [mapa] [main] [                                                 ] o.apache.catalina.core.StandardEngine    : Starting Servlet engine: [Apache Tomcat/11.0.11]
2025-12-03T14:55:14.261+01:00  INFO 7868 --- [mapa] [main] [                                                 ] b.w.c.s.WebApplicationContextInitializer : Root WebApplicationContext: initialization completed in 1903 ms
2025-12-03T14:55:14.444+01:00 DEBUG 7868 --- [mapa] [main] [                                                 ] o.s.w.f.ServerHttpObservationFilter      : Filter 'webMvcObservationFilter' configured for use
2025-12-03T14:55:14.584+01:00  INFO 7868 --- [mapa] [main] [                                                 ] o.hibernate.jpa.internal.util.LogHelper  : HHH000204: Processing PersistenceUnitInfo [name: default]
2025-12-03T14:55:14.786+01:00  INFO 7868 --- [mapa] [main] [                                                 ] org.hibernate.Version                    : HHH000412: Hibernate ORM core version 7.1.1.Final
2025-12-03T14:55:15.323+01:00  INFO 7868 --- [mapa] [main] [                                                 ] o.s.o.j.p.SpringPersistenceUnitInfo      : No LoadTimeWeaver setup: ignoring JPA class transformer
2025-12-03T14:55:15.366+01:00  INFO 7868 --- [mapa] [main] [                                                 ] com.zaxxer.hikari.HikariDataSource       : HikariPool-1 - Starting...
2025-12-03T14:55:15.795+01:00  INFO 7868 --- [mapa] [main] [                                                 ] com.zaxxer.hikari.pool.HikariPool        : HikariPool-1 - Added connection com.mysql.cj.jdbc.ConnectionImpl@342394b3
2025-12-03T14:55:15.798+01:00  INFO 7868 --- [mapa] [main] [                                                 ] com.zaxxer.hikari.HikariDataSource       : HikariPool-1 - Start completed.
2025-12-03T14:55:15.868+01:00  WARN 7868 --- [mapa] [main] [                                                 ] org.hibernate.orm.deprecation            : HHH90000025: MySQLDialect does not need to be specified explicitly using 'hibernate.dialect' (remove the property setting and it will be selected by default)
2025-12-03T14:55:15.886+01:00  INFO 7868 --- [mapa] [main] [                                                 ] org.hibernate.orm.connections.pooling    : HHH10001005: Database info:
	Database JDBC URL [jdbc:mysql://localhost:3306/citydungeon]
	Database driver: MySQL Connector/J
	Database dialect: MySQLDialect
	Database version: 8.0.43
	Default catalog/schema: citydungeon/undefined
	Autocommit mode: undefined/unknown
	Isolation level: REPEATABLE_READ [default REPEATABLE_READ]
	JDBC fetch size: none
	Pool: DatasourceConnectionProviderImpl
	Minimum pool size: undefined/unknown
	Maximum pool size: undefined/unknown
2025-12-03T14:55:17.056+01:00  INFO 7868 --- [mapa] [main] [                                                 ] o.h.e.t.j.p.i.JtaPlatformInitiator       : HHH000489: No JTA platform available (set 'hibernate.transaction.jta.platform' to enable JTA platform integration)
2025-12-03T14:55:17.160+01:00  INFO 7868 --- [mapa] [main] [                                                 ] j.LocalContainerEntityManagerFactoryBean : Initialized JPA EntityManagerFactory for persistence unit 'default'
2025-12-03T14:55:17.264+01:00  INFO 7868 --- [mapa] [main] [                                                 ] o.s.d.j.r.query.QueryEnhancerFactories   : Hibernate is in classpath; If applicable, HQL parser will be used.
2025-12-03T14:55:17.577+01:00  WARN 7868 --- [mapa] [main] [                                                 ] JpaBaseConfiguration$JpaWebConfiguration : spring.jpa.open-in-view is enabled by default. Therefore, database queries may be performed during view rendering. Explicitly configure spring.jpa.open-in-view to disable this warning
2025-12-03T14:55:17.765+01:00 DEBUG 7868 --- [mapa] [main] [                                                 ] s.w.s.m.m.a.RequestMappingHandlerMapping : 19 mappings in 'requestMappingHandlerMapping'
2025-12-03T14:55:17.805+01:00 DEBUG 7868 --- [mapa] [main] [                                                 ] o.s.w.s.handler.SimpleUrlHandlerMapping  : Patterns [/webjars/**, /**] in 'resourceHandlerMapping'
2025-12-03T14:55:17.841+01:00 DEBUG 7868 --- [mapa] [main] [                                                 ] s.w.s.m.m.a.RequestMappingHandlerAdapter : ControllerAdvice beans: 0 @ModelAttribute, 0 @InitBinder, 1 RequestBodyAdvice, 1 ResponseBodyAdvice
2025-12-03T14:55:17.942+01:00 DEBUG 7868 --- [mapa] [main] [                                                 ] .m.m.a.ExceptionHandlerExceptionResolver : ControllerAdvice beans: 0 @ExceptionHandler, 1 ResponseBodyAdvice
2025-12-03T14:55:18.243+01:00  INFO 7868 --- [mapa] [main] [                                                 ] o.s.b.a.e.web.EndpointLinksResolver      : Exposing 1 endpoint beneath base path '/actuator'
2025-12-03T14:55:18.344+01:00  INFO 7868 --- [mapa] [main] [                                                 ] o.s.boot.tomcat.TomcatWebServer          : Tomcat started on port 8080 (http) with context path '/'
2025-12-03T14:55:18.355+01:00  INFO 7868 --- [mapa] [main] [                                                 ] com.calabozo.mapa.MapaApplication        : Started MapaApplication in 6.637 seconds (process running for 7.107)
2025-12-03T14:55:19.144+01:00  INFO 7868 --- [mapa] [http-nio-8080-exec-1] [                                                 ] o.a.c.c.C.[Tomcat].[localhost].[/]       : Initializing Spring DispatcherServlet 'dispatcherServlet'
2025-12-03T14:55:19.145+01:00  INFO 7868 --- [mapa] [http-nio-8080-exec-1] [                                                 ] o.s.web.servlet.DispatcherServlet        : Initializing Servlet 'dispatcherServlet'
2025-12-03T14:55:19.145+01:00 DEBUG 7868 --- [mapa] [http-nio-8080-exec-1] [                                                 ] o.s.web.servlet.DispatcherServlet        : Detected StandardServletMultipartResolver
2025-12-03T14:55:19.146+01:00 DEBUG 7868 --- [mapa] [http-nio-8080-exec-1] [                                                 ] o.s.web.servlet.DispatcherServlet        : Detected AcceptHeaderLocaleResolver
2025-12-03T14:55:19.147+01:00 DEBUG 7868 --- [mapa] [http-nio-8080-exec-1] [                                                 ] o.s.web.servlet.DispatcherServlet        : Detected org.springframework.web.servlet.view.DefaultRequestToViewNameTranslator@6c65a7fc
2025-12-03T14:55:19.148+01:00 DEBUG 7868 --- [mapa] [http-nio-8080-exec-1] [                                                 ] o.s.web.servlet.DispatcherServlet        : Detected org.springframework.web.servlet.support.SessionFlashMapManager@6a2d0a19
2025-12-03T14:55:19.149+01:00 DEBUG 7868 --- [mapa] [http-nio-8080-exec-1] [                                                 ] o.s.web.servlet.DispatcherServlet        : enableLoggingRequestDetails='false': request parameters and headers will be masked to prevent unsafe logging of potentially sensitive data
2025-12-03T14:55:19.149+01:00  INFO 7868 --- [mapa] [http-nio-8080-exec-1] [                                                 ] o.s.web.servlet.DispatcherServlet        : Completed initialization in 4 ms
2025-12-03T14:55:19.176+01:00 DEBUG 7868 --- [mapa] [http-nio-8080-exec-1] [                                                 ] o.s.web.servlet.DispatcherServlet        : GET "/login", parameters={}
2025-12-03T14:55:19.193+01:00 DEBUG 7868 --- [mapa] [http-nio-8080-exec-1] [                                                 ] o.s.w.s.handler.SimpleUrlHandlerMapping  : Mapped to ResourceHttpRequestHandler [classpath [META-INF/resources/], classpath [resources/], classpath [static/], classpath [public/], ServletContext [/]]
2025-12-03T14:55:19.198+01:00 DEBUG 7868 --- [mapa] [http-nio-8080-exec-1] [                                                 ] o.s.w.s.r.ResourceHttpRequestHandler     : Resource not found
2025-12-03T14:55:19.204+01:00 DEBUG 7868 --- [mapa] [http-nio-8080-exec-1] [                                                 ] .w.s.m.s.DefaultHandlerExceptionResolver : Resolved [org.springframework.web.servlet.resource.NoResourceFoundException: No static resource login for request '/login'.]
2025-12-03T14:55:19.206+01:00 DEBUG 7868 --- [mapa] [http-nio-8080-exec-1] [                                                 ] o.s.web.servlet.DispatcherServlet        : Completed 404 NOT_FOUND
2025-12-03T14:55:19.214+01:00 DEBUG 7868 --- [mapa] [http-nio-8080-exec-1] [                                                 ] o.s.web.servlet.DispatcherServlet        : "ERROR" dispatch for GET "/error", parameters={}
2025-12-03T14:55:19.220+01:00 DEBUG 7868 --- [mapa] [http-nio-8080-exec-1] [                                                 ] s.w.s.m.m.a.RequestMappingHandlerMapping : Mapped to org.springframework.boot.webmvc.autoconfigure.error.BasicErrorController#errorHtml(HttpServletRequest, HttpServletResponse)
2025-12-03T14:55:19.248+01:00 DEBUG 7868 --- [mapa] [http-nio-8080-exec-1] [                                                 ] o.s.w.s.v.ContentNegotiatingViewResolver : Selected 'text/html' given [text/html, text/html;q=0.8]
2025-12-03T14:55:19.255+01:00 DEBUG 7868 --- [mapa] [http-nio-8080-exec-1] [                                                 ] o.s.web.servlet.DispatcherServlet        : Exiting from "ERROR" dispatch, status 404
2025-12-03T14:55:19.299+01:00 DEBUG 7868 --- [mapa] [http-nio-8080-exec-2] [                                                 ] o.s.web.servlet.DispatcherServlet        : GET "/favicon.ico", parameters={}
2025-12-03T14:55:19.301+01:00 DEBUG 7868 --- [mapa] [http-nio-8080-exec-2] [                                                 ] o.s.w.s.handler.SimpleUrlHandlerMapping  : Mapped to ResourceHttpRequestHandler [classpath [META-INF/resources/], classpath [resources/], classpath [static/], classpath [public/], ServletContext [/]]
2025-12-03T14:55:19.304+01:00 DEBUG 7868 --- [mapa] [http-nio-8080-exec-2] [                                                 ] o.s.w.s.r.ResourceHttpRequestHandler     : Resource not found
2025-12-03T14:55:19.305+01:00 DEBUG 7868 --- [mapa] [http-nio-8080-exec-2] [                                                 ] .w.s.m.s.DefaultHandlerExceptionResolver : Resolved [org.springframework.web.servlet.resource.NoResourceFoundException: No static resource favicon.ico for request '/favicon.ico'.]
2025-12-03T14:55:19.306+01:00 DEBUG 7868 --- [mapa] [http-nio-8080-exec-2] [                                                 ] o.s.web.servlet.DispatcherServlet        : Completed 404 NOT_FOUND
2025-12-03T14:55:19.307+01:00 DEBUG 7868 --- [mapa] [http-nio-8080-exec-2] [                                                 ] o.s.web.servlet.DispatcherServlet        : "ERROR" dispatch for GET "/error", parameters={}
2025-12-03T14:55:19.309+01:00 DEBUG 7868 --- [mapa] [http-nio-8080-exec-2] [                                                 ] s.w.s.m.m.a.RequestMappingHandlerMapping : Mapped to org.springframework.boot.webmvc.autoconfigure.error.BasicErrorController#error(HttpServletRequest)
2025-12-03T14:55:19.318+01:00 DEBUG 7868 --- [mapa] [http-nio-8080-exec-2] [                                                 ] o.s.w.s.m.m.a.HttpEntityMethodProcessor  : Using 'application/json;q=0.8', given [image/avif, image/webp, image/apng, image/svg+xml, image/*, */*;q=0.8] and supported [application/json, application/*+json]
2025-12-03T14:55:19.322+01:00 DEBUG 7868 --- [mapa] [http-nio-8080-exec-2] [                                                 ] o.s.w.s.m.m.a.HttpEntityMethodProcessor  : Writing [{timestamp=Wed Dec 03 14:55:19 CET 2025, status=404, error=Not Found, path=/favicon.ico}]
2025-12-03T14:55:19.375+01:00 DEBUG 7868 --- [mapa] [http-nio-8080-exec-2] [                                                 ] o.s.web.servlet.DispatcherServlet        : Exiting from "ERROR" dispatch, status 404
2025-12-03T14:55:24.851+01:00 DEBUG 7868 --- [mapa] [http-nio-8080-exec-3] [                                                 ] o.s.web.servlet.DispatcherServlet        : GET "/ciudades;jsessionid=AAD9FAB9C70360BEE116AC44B41B9E00", parameters={}
2025-12-03T14:55:24.852+01:00 DEBUG 7868 --- [mapa] [http-nio-8080-exec-3] [                                                 ] s.w.s.m.m.a.RequestMappingHandlerMapping : Mapped to com.calabozo.mapa.controller.cityController#listCities(Model)
2025-12-03T14:55:25.039+01:00 DEBUG 7868 --- [mapa] [http-nio-8080-exec-3] [                                                 ] o.s.w.s.v.ContentNegotiatingViewResolver : Selected 'text/html' given [text/html, application/xhtml+xml, image/avif, image/webp, image/apng, application/xml;q=0.9, */*;q=0.8, application/signed-exchange;v=b3;q=0.7]
2025-12-03T14:55:25.334+01:00 DEBUG 7868 --- [mapa] [http-nio-8080-exec-3] [                                                 ] o.s.web.servlet.DispatcherServlet        : Completed 200 OK
2025-12-03T14:59:12.510+01:00  INFO 12004 --- [mapa] [main] [                                                 ] com.calabozo.mapa.MapaApplication        : Starting MapaApplication using Java 17.0.16 with PID 12004 (D:\ServidorExamen\Desarrollo-Entorno-Servidor-2526\SPRINGBOOT\calabozo\mapa\target\classes started by daw in D:\ServidorExamen\Desarrollo-Entorno-Servidor-2526)
2025-12-03T14:59:12.517+01:00  INFO 12004 --- [mapa] [main] [                                                 ] com.calabozo.mapa.MapaApplication        : No active profile set, falling back to 1 default profile: "default"
2025-12-03T14:59:13.561+01:00  INFO 12004 --- [mapa] [main] [                                                 ] .s.d.r.c.RepositoryConfigurationDelegate : Bootstrapping Spring Data JPA repositories in DEFAULT mode.
2025-12-03T14:59:13.649+01:00  INFO 12004 --- [mapa] [main] [                                                 ] .s.d.r.c.RepositoryConfigurationDelegate : Finished Spring Data repository scanning in 71 ms. Found 2 JPA repository interfaces.
2025-12-03T14:59:14.473+01:00  INFO 12004 --- [mapa] [main] [                                                 ] o.s.boot.tomcat.TomcatWebServer          : Tomcat initialized with port 8080 (http)
2025-12-03T14:59:14.496+01:00  INFO 12004 --- [mapa] [main] [                                                 ] o.apache.catalina.core.StandardService   : Starting service [Tomcat]
2025-12-03T14:59:14.496+01:00  INFO 12004 --- [mapa] [main] [                                                 ] o.apache.catalina.core.StandardEngine    : Starting Servlet engine: [Apache Tomcat/11.0.11]
2025-12-03T14:59:14.567+01:00  INFO 12004 --- [mapa] [main] [                                                 ] b.w.c.s.WebApplicationContextInitializer : Root WebApplicationContext: initialization completed in 1975 ms
2025-12-03T14:59:14.748+01:00 DEBUG 12004 --- [mapa] [main] [                                                 ] o.s.w.f.ServerHttpObservationFilter      : Filter 'webMvcObservationFilter' configured for use
2025-12-03T14:59:14.902+01:00  INFO 12004 --- [mapa] [main] [                                                 ] o.hibernate.jpa.internal.util.LogHelper  : HHH000204: Processing PersistenceUnitInfo [name: default]
2025-12-03T14:59:15.094+01:00  INFO 12004 --- [mapa] [main] [                                                 ] org.hibernate.Version                    : HHH000412: Hibernate ORM core version 7.1.1.Final
2025-12-03T14:59:15.641+01:00  INFO 12004 --- [mapa] [main] [                                                 ] o.s.o.j.p.SpringPersistenceUnitInfo      : No LoadTimeWeaver setup: ignoring JPA class transformer
2025-12-03T14:59:15.688+01:00  INFO 12004 --- [mapa] [main] [                                                 ] com.zaxxer.hikari.HikariDataSource       : HikariPool-1 - Starting...
2025-12-03T14:59:16.034+01:00  INFO 12004 --- [mapa] [main] [                                                 ] com.zaxxer.hikari.pool.HikariPool        : HikariPool-1 - Added connection com.mysql.cj.jdbc.ConnectionImpl@5dd6f517
2025-12-03T14:59:16.036+01:00  INFO 12004 --- [mapa] [main] [                                                 ] com.zaxxer.hikari.HikariDataSource       : HikariPool-1 - Start completed.
2025-12-03T14:59:16.100+01:00  WARN 12004 --- [mapa] [main] [                                                 ] org.hibernate.orm.deprecation            : HHH90000025: MySQLDialect does not need to be specified explicitly using 'hibernate.dialect' (remove the property setting and it will be selected by default)
2025-12-03T14:59:16.124+01:00  INFO 12004 --- [mapa] [main] [                                                 ] org.hibernate.orm.connections.pooling    : HHH10001005: Database info:
	Database JDBC URL [jdbc:mysql://localhost:3306/citydungeon]
	Database driver: MySQL Connector/J
	Database dialect: MySQLDialect
	Database version: 8.0.43
	Default catalog/schema: citydungeon/undefined
	Autocommit mode: undefined/unknown
	Isolation level: REPEATABLE_READ [default REPEATABLE_READ]
	JDBC fetch size: none
	Pool: DatasourceConnectionProviderImpl
	Minimum pool size: undefined/unknown
	Maximum pool size: undefined/unknown
2025-12-03T14:59:17.241+01:00  INFO 12004 --- [mapa] [main] [                                                 ] o.h.e.t.j.p.i.JtaPlatformInitiator       : HHH000489: No JTA platform available (set 'hibernate.transaction.jta.platform' to enable JTA platform integration)
2025-12-03T14:59:17.342+01:00  INFO 12004 --- [mapa] [main] [                                                 ] j.LocalContainerEntityManagerFactoryBean : Initialized JPA EntityManagerFactory for persistence unit 'default'
2025-12-03T14:59:17.439+01:00  INFO 12004 --- [mapa] [main] [                                                 ] o.s.d.j.r.query.QueryEnhancerFactories   : Hibernate is in classpath; If applicable, HQL parser will be used.
2025-12-03T14:59:17.735+01:00  WARN 12004 --- [mapa] [main] [                                                 ] JpaBaseConfiguration$JpaWebConfiguration : spring.jpa.open-in-view is enabled by default. Therefore, database queries may be performed during view rendering. Explicitly configure spring.jpa.open-in-view to disable this warning
2025-12-03T14:59:17.924+01:00 DEBUG 12004 --- [mapa] [main] [                                                 ] s.w.s.m.m.a.RequestMappingHandlerMapping : 19 mappings in 'requestMappingHandlerMapping'
2025-12-03T14:59:17.960+01:00 DEBUG 12004 --- [mapa] [main] [                                                 ] o.s.w.s.handler.SimpleUrlHandlerMapping  : Patterns [/webjars/**, /**] in 'resourceHandlerMapping'
2025-12-03T14:59:17.995+01:00 DEBUG 12004 --- [mapa] [main] [                                                 ] s.w.s.m.m.a.RequestMappingHandlerAdapter : ControllerAdvice beans: 0 @ModelAttribute, 0 @InitBinder, 1 RequestBodyAdvice, 1 ResponseBodyAdvice
2025-12-03T14:59:18.081+01:00 DEBUG 12004 --- [mapa] [main] [                                                 ] .m.m.a.ExceptionHandlerExceptionResolver : ControllerAdvice beans: 0 @ExceptionHandler, 1 ResponseBodyAdvice
2025-12-03T14:59:18.315+01:00  INFO 12004 --- [mapa] [main] [                                                 ] o.s.b.a.e.web.EndpointLinksResolver      : Exposing 1 endpoint beneath base path '/actuator'
2025-12-03T14:59:18.404+01:00  INFO 12004 --- [mapa] [main] [                                                 ] o.s.boot.tomcat.TomcatWebServer          : Tomcat started on port 8080 (http) with context path '/'
2025-12-03T14:59:18.417+01:00  INFO 12004 --- [mapa] [main] [                                                 ] com.calabozo.mapa.MapaApplication        : Started MapaApplication in 6.528 seconds (process running for 7.012)
2025-12-03T14:59:19.442+01:00  INFO 12004 --- [mapa] [http-nio-8080-exec-1] [                                                 ] o.a.c.c.C.[Tomcat].[localhost].[/]       : Initializing Spring DispatcherServlet 'dispatcherServlet'
2025-12-03T14:59:19.442+01:00  INFO 12004 --- [mapa] [http-nio-8080-exec-1] [                                                 ] o.s.web.servlet.DispatcherServlet        : Initializing Servlet 'dispatcherServlet'
2025-12-03T14:59:19.443+01:00 DEBUG 12004 --- [mapa] [http-nio-8080-exec-1] [                                                 ] o.s.web.servlet.DispatcherServlet        : Detected StandardServletMultipartResolver
2025-12-03T14:59:19.443+01:00 DEBUG 12004 --- [mapa] [http-nio-8080-exec-1] [                                                 ] o.s.web.servlet.DispatcherServlet        : Detected AcceptHeaderLocaleResolver
2025-12-03T14:59:19.444+01:00 DEBUG 12004 --- [mapa] [http-nio-8080-exec-1] [                                                 ] o.s.web.servlet.DispatcherServlet        : Detected org.springframework.web.servlet.view.DefaultRequestToViewNameTranslator@5c2f5dc
2025-12-03T14:59:19.445+01:00 DEBUG 12004 --- [mapa] [http-nio-8080-exec-1] [                                                 ] o.s.web.servlet.DispatcherServlet        : Detected org.springframework.web.servlet.support.SessionFlashMapManager@5702e6f3
2025-12-03T14:59:19.446+01:00 DEBUG 12004 --- [mapa] [http-nio-8080-exec-1] [                                                 ] o.s.web.servlet.DispatcherServlet        : enableLoggingRequestDetails='false': request parameters and headers will be masked to prevent unsafe logging of potentially sensitive data
2025-12-03T14:59:19.446+01:00  INFO 12004 --- [mapa] [http-nio-8080-exec-1] [                                                 ] o.s.web.servlet.DispatcherServlet        : Completed initialization in 3 ms
2025-12-03T14:59:19.469+01:00 DEBUG 12004 --- [mapa] [http-nio-8080-exec-1] [                                                 ] o.s.web.servlet.DispatcherServlet        : GET "/ciudades", parameters={}
2025-12-03T14:59:19.478+01:00 DEBUG 12004 --- [mapa] [http-nio-8080-exec-1] [                                                 ] s.w.s.m.m.a.RequestMappingHandlerMapping : Mapped to com.calabozo.mapa.controller.cityController#listCities(Model)
2025-12-03T14:59:19.727+01:00 DEBUG 12004 --- [mapa] [http-nio-8080-exec-1] [                                                 ] o.s.w.s.v.ContentNegotiatingViewResolver : Selected 'text/html' given [text/html, application/xhtml+xml, image/avif, image/webp, image/apng, application/xml;q=0.9, */*;q=0.8, application/signed-exchange;v=b3;q=0.7]
2025-12-03T14:59:20.032+01:00 DEBUG 12004 --- [mapa] [http-nio-8080-exec-1] [                                                 ] o.s.web.servlet.DispatcherServlet        : Completed 200 OK
